An error occurred while executing the following cell:
------------------
try:
    import tensorflow_probability.substrates.jax as tfp
except ModuleNotFoundError:
    %pip install -qq tensorflow_probability
    import tensorflow_probability.substrates.jax as tfp

try:
    import tensorflow as tf
except ModuleNotFoundError:
    %pip install -qq tensorflow
    import tensorflow as tf
try:
    import optax
except ModuleNotFoundError:
    %pip install -qq optax
    import optax

tfd = tfp.distributions
tfb = tfp.bijectors
try:
    from flax import linen as nn
except ModuleNotFoundError:
    %pip install -qq flax
    from flax import linen as nn
from flax.core.frozen_dict import freeze, unfreeze

try:
    import official.nlp.modeling.layers as nlp_layers
except ModuleNotFoundError:
    %pip install -qq tf-models-official
    import official.nlp.modeling.layers as nlp_layers
try:
    import blackjax
except ModuleNotFoundError:
    %pip install -qq jaxopt blackjax
    import blackjax

try:
    from probml_utils import latexify, savefig
    from probml_utils.blackjax_utils import inference_loop
except ModuleNotFoundError:
    %pip install -qq git+https://github.com/probml/probml-utils.git
    from probml_utils import latexify, savefig
    from probml_utils.blackjax_utils import inference_loop
try:
    from bijax.advi import ADVI
    from bijax.utils import train_fn
except ModuleNotFoundError:
    %pip install -qq git+https://github.com/patel-zeel/bijax.git
    from bijax.advi import ADVI
    from bijax.utils import train_fn
try:
    import GPy
except:
    %pip install -qq gpy
    import GPy

import logging

logger = logging.getLogger()


class CheckTypesFilter(logging.Filter):
    def filter(self, record):
        return "check_types" not in record.getMessage()


logger.addFilter(CheckTypesFilter())
from jax.random import PRNGKey as rng_key
------------------

---------------------------------------------------------------------------
ModuleNotFoundError                       Traceback (most recent call last)
/tmp/ipykernel_3395/1742731670.py in <module>
     27 try:
---> 28     import official.nlp.modeling.layers as nlp_layers
     29 except ModuleNotFoundError:

ModuleNotFoundError: No module named 'official'

During handling of the above exception, another exception occurred:

ModuleNotFoundError                       Traceback (most recent call last)
/tmp/ipykernel_3395/1742731670.py in <module>
     29 except ModuleNotFoundError:
     30     get_ipython().run_line_magic('pip', 'install -qq tf-models-official')
---> 31     import official.nlp.modeling.layers as nlp_layers
     32 try:
     33     import blackjax

ModuleNotFoundError: No module named 'official'
ModuleNotFoundError: No module named 'official'
