An error occurred while executing the following cell:
------------------
import jax.numpy as jnp
import jax
import os

try:
    import blackjax
except ModuleNotFoundError:
    %pip install -qq blackjax
    import blackjax

try:
    import tensorflow_probability.substrates.jax as tfp
except:
    %pip install tensorflow_probability
    import tensorflow_probability.substrates.jax as tfp

import seaborn as sns
import matplotlib.pyplot as plt
import matplotlib

try:
    import arviz as az
except ModuleNotFoundError:
    %pip install -qq arviz
    import arviz as az

try:
    import probml_utils as pml
except ModuleNotFoundError:
    %pip install -qq git+https://github.com/probml/probml-utils.git
    import probml_utils as pml
------------------

---------------------------------------------------------------------------
ModuleNotFoundError                       Traceback (most recent call last)
/tmp/ipykernel_3394/2294316416.py in <module>
     11 try:
---> 12     import tensorflow_probability.substrates.jax as tfp
     13 except:

ModuleNotFoundError: No module named 'tensorflow_probability'

During handling of the above exception, another exception occurred:

ImportError                               Traceback (most recent call last)
/tmp/ipykernel_3394/2294316416.py in <module>
     13 except:
     14     get_ipython().run_line_magic('pip', 'install tensorflow_probability')
---> 15     import tensorflow_probability.substrates.jax as tfp
     16 
     17 import seaborn as sns

~/miniconda3/envs/py37/lib/python3.7/site-packages/tensorflow_probability/__init__.py in <module>
     18 # `python/__init__.py` as necessary.
     19 
---> 20 from tensorflow_probability import substrates
     21 # from tensorflow_probability.google import staging  # DisableOnExport
     22 # from tensorflow_probability.google import tfp_google  # DisableOnExport

ImportError: cannot import name 'substrates' from 'tensorflow_probability' (/github/home/miniconda3/envs/py37/lib/python3.7/site-packages/tensorflow_probability/__init__.py)
ImportError: cannot import name 'substrates' from 'tensorflow_probability' (/github/home/miniconda3/envs/py37/lib/python3.7/site-packages/tensorflow_probability/__init__.py)
